\BOOKMARK [-1][-]{part.1}{\376\377\000I\000\040\000F\000u\000n\000d\000a\000m\000e\000n\000t\000a\000l\000s}{}% 1
\BOOKMARK [0][-]{chapter.1}{\376\377\000A\000b\000s\000o\000r\000p\000t\000i\000o\000n}{part.1}% 2
\BOOKMARK [1][-]{section*.3}{\376\377\000T\000a\000s\000k\000s}{chapter.1}% 3
\BOOKMARK [1][-]{section*.4}{\376\377\000E\000x\000p\000e\000r\000i\000m\000e\000n\000t\000a\000l\000\040\000t\000e\000c\000h\000n\000i\000q\000u\000e}{chapter.1}% 4
\BOOKMARK [1][-]{section*.5}{\376\377\000L\000a\000m\000b\000e\000r\000t\000-\000B\000e\000e\000r\000\040\000l\000a\000w\000\040\000a\000n\000d\000\040\000t\000h\000e\000\040\000a\000b\000s\000o\000r\000p\000t\000i\000o\000n\000\040\000c\000o\000e\000f\000f\000i\000c\000i\000e\000n\000t}{chapter.1}% 5
\BOOKMARK [1][-]{section*.6}{\376\377\000A\000b\000s\000o\000r\000p\000t\000i\000o\000n\000\040\000c\000r\000o\000s\000s\000\040\000s\000e\000c\000t\000i\000o\000n}{chapter.1}% 6
\BOOKMARK [1][-]{section*.7}{\376\377\000L\000o\000r\000e\000n\000t\000z\000\040\000o\000s\000c\000i\000l\000l\000a\000t\000o\000r\000\040\000a\000n\000d\000\040\000o\000s\000c\000i\000l\000l\000a\000t\000o\000r\000\040\000s\000t\000r\000e\000n\000g\000t\000h}{chapter.1}% 7
\BOOKMARK [1][-]{section*.8}{\376\377\000T\000r\000a\000n\000s\000i\000t\000i\000o\000n\000\040\000d\000i\000p\000o\000l\000e\000\040\000m\000o\000m\000e\000n\000t}{chapter.1}% 8
\BOOKMARK [1][-]{section*.9}{\376\377\000A\000p\000p\000e\000n\000d\000i\000x\000:\000\040\000T\000h\000o\000m\000a\000s\000-\000R\000e\000i\000c\000h\000e\000-\000K\000u\000h\000n\000\040\000s\000u\000m\000\040\000r\000u\000l\000e}{chapter.1}% 9
\BOOKMARK [1][-]{section*.10}{\376\377\000A\000p\000p\000e\000n\000d\000i\000x\000:\000\040\000U\000n\000i\000t\000s\000\040}{chapter.1}% 10
\BOOKMARK [0][-]{chapter.2}{\376\377\000F\000l\000u\000o\000r\000e\000s\000c\000e\000n\000c\000e}{part.1}% 11
\BOOKMARK [1][-]{section*.11}{\376\377\000T\000a\000s\000k\000s}{chapter.2}% 12
\BOOKMARK [1][-]{section*.12}{\376\377\000E\000x\000p\000e\000r\000i\000m\000e\000n\000t\000a\000l\000\040\000t\000e\000c\000h\000n\000i\000q\000u\000e\000s}{chapter.2}% 13
\BOOKMARK [1][-]{section*.15}{\376\377\000E\000i\000n\000s\000t\000e\000i\000n\000\040\000c\000o\000e\000f\000f\000i\000c\000i\000e\000n\000t\000s}{chapter.2}% 14
\BOOKMARK [1][-]{section*.16}{\376\377\000R\000e\000l\000a\000t\000i\000o\000n\000\040\000b\000e\000t\000w\000e\000e\000n\000\040\000a\000b\000s\000o\000r\000p\000t\000i\000o\000n\000\040\000a\000n\000d\000\040\000e\000m\000i\000s\000s\000i\000o\000n\000\040\000s\000p\000e\000c\000t\000r\000a\000\040\000f\000o\000r\000\040\000a\000t\000o\000m\000s}{chapter.2}% 15
\BOOKMARK [1][-]{section*.17}{\376\377\000M\000o\000l\000e\000c\000u\000l\000e\000s}{chapter.2}% 16
\BOOKMARK [1][-]{section*.18}{\376\377\000S\000t\000r\000i\000c\000k\000l\000e\000r\000-\000B\000e\000r\000g\000-\000E\000q\000u\000a\000t\000i\000o\000n}{chapter.2}% 17
\BOOKMARK [1][-]{section*.19}{\376\377\000F\000l\000u\000o\000r\000e\000s\000c\000e\000n\000c\000e\000\040\000q\000u\000a\000n\000t\000u\000m\000\040\000y\000i\000e\000l\000d\000\040\000a\000n\000d\000\040\000f\000l\000u\000o\000r\000e\000s\000c\000e\000n\000c\000e\000\040\000l\000i\000f\000e\000t\000i\000m\000e}{chapter.2}% 18
\BOOKMARK [0][-]{chapter.3}{\376\377\000M\000o\000l\000e\000c\000u\000l\000a\000r\000\040\000V\000i\000b\000r\000a\000t\000i\000o\000n\000s}{part.1}% 19
\BOOKMARK [1][-]{section*.20}{\376\377\000T\000a\000s\000k\000s}{chapter.3}% 20
\BOOKMARK [1][-]{section*.21}{\376\377\000F\000r\000a\000n\000c\000k\000-\000C\000o\000n\000d\000o\000n\000\040\000a\000n\000d\000\040\000H\000u\000a\000n\000g\000-\000R\000h\000y\000s}{chapter.3}% 21
\BOOKMARK [1][-]{section*.22}{\376\377\000M\000i\000r\000r\000o\000r\000\040\000r\000u\000l\000e}{chapter.3}% 22
\BOOKMARK [1][-]{section*.23}{\376\377\000S\000t\000o\000k\000e\000s\000\040\000s\000h\000i\000f\000t}{chapter.3}% 23
\BOOKMARK [0][-]{chapter.4}{\376\377\000R\000a\000y\000l\000e\000i\000g\000h\000\040\000a\000n\000d\000\040\000M\000i\000e\000\040\000S\000c\000a\000t\000t\000e\000r\000i\000n\000g}{part.1}% 24
\BOOKMARK [1][-]{section*.24}{\376\377\000T\000a\000s\000k\000s}{chapter.4}% 25
\BOOKMARK [1][-]{section*.25}{\376\377\000R\000a\000y\000l\000e\000i\000g\000h\000\040\000s\000c\000a\000t\000t\000e\000r\000i\000n\000g\000\040\000o\000f\000\040\000s\000m\000a\000l\000l\000\040\000s\000p\000h\000e\000r\000e\000s}{chapter.4}% 26
\BOOKMARK [1][-]{section*.26}{\376\377\000O\000p\000t\000i\000c\000a\000l\000\040\000T\000h\000e\000o\000r\000e\000m\000\040\000a\000n\000d\000\040\000E\000x\000t\000i\000n\000c\000t\000i\000o\000n\000\040\000C\000r\000o\000s\000s\000\040\000S\000e\000c\000t\000i\000o\000n}{chapter.4}% 27
\BOOKMARK [1][-]{section*.27}{\376\377\000A\000b\000s\000o\000r\000p\000t\000i\000o\000n\000\040\000a\000n\000d\000\040\000S\000c\000a\000t\000t\000e\000r\000i\000n\000g\000\040\000o\000f\000\040\000a\000\040\000S\000m\000a\000l\000l\000\040\000S\000p\000h\000e\000r\000e}{chapter.4}% 28
\BOOKMARK [1][-]{section*.28}{\376\377\000M\000i\000e\000\040\000S\000c\000a\000t\000t\000e\000r\000i\000n\000g}{chapter.4}% 29
\BOOKMARK [1][-]{section*.29}{\376\377\000M\000o\000r\000e\000\040\000q\000u\000e\000s\000t\000i\000o\000n\000s}{chapter.4}% 30
\BOOKMARK [0][-]{chapter.5}{\376\377\000M\000o\000l\000e\000c\000u\000l\000a\000r\000\040\000A\000g\000g\000r\000e\000g\000a\000t\000e\000s\000\040\040\024\000\040\000C\000o\000u\000p\000l\000e\000d\000\040\000T\000w\000o\000-\000L\000e\000v\000e\000l\000\040\000S\000y\000s\000t\000e\000m\000s}{part.1}% 31
\BOOKMARK [1][-]{section*.30}{\376\377\000T\000a\000s\000k\000s}{chapter.5}% 32
\BOOKMARK [1][-]{section*.31}{\376\377\000C\000o\000u\000p\000l\000e\000d\000\040\000P\000e\000n\000d\000u\000l\000u\000m}{chapter.5}% 33
\BOOKMARK [1][-]{section*.32}{\376\377\000Q\000u\000a\000n\000t\000u\000m\000\040\000M\000e\000c\000h\000a\000n\000i\000c\000s\000\040\000o\000f\000\040\000C\000o\000u\000p\000l\000e\000d\000\040\000S\000t\000a\000t\000e\000s}{chapter.5}% 34
\BOOKMARK [1][-]{section*.33}{\376\377\000C\000o\000u\000p\000l\000i\000n\000g\000\040\000o\000f\000\040\000t\000w\000o\000\040\000t\000r\000a\000n\000s\000i\000t\000i\000o\000n\000\040\000d\000i\000p\000o\000l\000e\000\040\000m\000o\000m\000e\000n\000t\000s}{chapter.5}% 35
\BOOKMARK [1][-]{section*.34}{\376\377\000H\000-\000\040\000a\000n\000d\000\040\000J\000-\000a\000g\000g\000r\000e\000g\000a\000t\000e\000s}{chapter.5}% 36
\BOOKMARK [-1][-]{part.2}{\376\377\000I\000I\000\040\000T\000w\000o\000\040\000L\000e\000v\000e\000l\000\040\000S\000y\000s\000t\000e\000m\000s}{}% 37
\BOOKMARK [0][-]{chapter.6}{\376\377\000R\000a\000b\000i\000\040\000O\000s\000c\000i\000l\000l\000a\000t\000i\000o\000n\000s}{part.2}% 38
\BOOKMARK [1][-]{section*.35}{\376\377\000T\000a\000s\000k\000s}{chapter.6}% 39
\BOOKMARK [1][-]{section*.36}{\376\377\000E\000x\000p\000e\000r\000i\000m\000e\000n\000t}{chapter.6}% 40
\BOOKMARK [1][-]{section*.37}{\376\377\000D\000e\000n\000s\000i\000t\000y\000\040\000M\000a\000t\000r\000i\000x}{chapter.6}% 41
\BOOKMARK [1][-]{section*.39}{\376\377\000L\000i\000o\000u\000v\000i\000l\000l\000e\040\023\000v\000o\000n\000\040\000N\000e\000u\000m\000a\000n\000n\000\040\000e\000q\000u\000a\000t\000i\000o\000n}{chapter.6}% 42
\BOOKMARK [1][-]{section*.41}{\376\377\000O\000p\000t\000i\000c\000a\000l\000\040\000B\000l\000o\000c\000h\000\040\000E\000q\000u\000a\000t\000i\000o\000n\000s}{chapter.6}% 43
\BOOKMARK [1][-]{section*.43}{\376\377\000R\000a\000b\000i\000\040\000O\000s\000c\000i\000l\000l\000a\000t\000i\000o\000n\000s}{chapter.6}% 44
\BOOKMARK [1][-]{section*.45}{\376\377\000D\000a\000m\000p\000i\000n\000g\000\040\000a\000n\000d\000\040\000d\000e\000p\000h\000a\000s\000i\000n\000g}{chapter.6}% 45
\BOOKMARK [0][-]{chapter.7}{\376\377\000\050\000P\000e\000r\000t\000u\000r\000b\000e\000d\000\051\000\040\000F\000r\000e\000e\000\040\000I\000n\000d\000u\000c\000t\000i\000o\000n\000\040\000D\000e\000c\000a\000y}{part.2}% 46
\BOOKMARK [1][-]{section*.46}{\376\377\000T\000a\000s\000k\000s}{chapter.7}% 47
\BOOKMARK [1][-]{section*.47}{\376\377\000E\000x\000p\000e\000r\000i\000m\000e\000n\000t}{chapter.7}% 48
\BOOKMARK [1][-]{section*.48}{\376\377\000P\000u\000m\000p\000-\000P\000r\000o\000b\000e\000\040\000E\000x\000p\000e\000r\000i\000m\000e\000n\000t\000s}{chapter.7}% 49
\BOOKMARK [1][-]{section*.50}{\376\377\000C\000o\000h\000e\000r\000e\000n\000c\000e\000\040\000a\000s\000\040\000a\000\040\000S\000o\000u\000r\000c\000e\000\040\000o\000f\000\040\000R\000a\000d\000i\000a\000t\000i\000o\000n}{chapter.7}% 50
\BOOKMARK [1][-]{section*.52}{\376\377\000A\000b\000s\000o\000r\000p\000t\000i\000o\000n\000\040\000o\000f\000\040\000a\000\040\000s\000i\000n\000g\000l\000e\000\040\000p\000h\000o\000t\000o\000n}{chapter.7}% 51
\BOOKMARK [1][-]{section*.54}{\376\377\000A\000b\000s\000o\000r\000p\000t\000i\000o\000n\000\040\000o\000f\000\040\000h\000a\000l\000f\000\040\000o\000f\000\040\000a\000\040\000p\000h\000o\000t\000o\000n}{chapter.7}% 52
\BOOKMARK [1][-]{section*.55}{\376\377\000S\000p\000e\000c\000t\000r\000a}{chapter.7}% 53
\BOOKMARK [1][-]{section*.57}{\376\377\000F\000r\000e\000e\000\040\000i\000n\000d\000u\000c\000t\000i\000o\000n\000\040\000d\000e\000c\000a\000y}{chapter.7}% 54
\BOOKMARK [1][-]{section*.59}{\376\377\000P\000e\000r\000t\000u\000r\000b\000e\000d\000\040\000f\000r\000e\000e\000\040\000i\000n\000d\000u\000c\000t\000i\000o\000n\000\040\000d\000e\000c\000a\000y}{chapter.7}% 55
\BOOKMARK [0][-]{chapter.8}{\376\377\000S\000t\000r\000o\000n\000g\000\040\000c\000o\000u\000p\000l\000i\000n\000g\000\040\000o\000f\000\040\000c\000a\000v\000i\000t\000y\000\040\000a\000n\000d\000\040\000e\000m\000i\000t\000t\000e\000r}{part.2}% 56
\BOOKMARK [1][-]{section*.61}{\376\377\000T\000a\000s\000k\000s}{chapter.8}% 57
\BOOKMARK [1][-]{section*.62}{\376\377\000E\000x\000p\000e\000r\000i\000m\000e\000n\000t}{chapter.8}% 58
\BOOKMARK [1][-]{section*.63}{\376\377\000Q\000u\000a\000n\000t\000i\000z\000a\000t\000i\000o\000n\000\040\000o\000f\000\040\000t\000h\000e\000\040\000l\000i\000g\000h\000t\000\040\000f\000i\000e\000l\000d}{chapter.8}% 59
\BOOKMARK [1][-]{section*.65}{\376\377\000P\000a\000u\000l\000i\000\040\000m\000a\000t\000r\000i\000c\000e\000s\000\040\000f\000o\000r\000\040\000a\000t\000o\000m\000s}{chapter.8}% 60
\BOOKMARK [1][-]{section*.67}{\376\377\000J\000a\000y\000n\000e\000s\000-\000C\000u\000m\000m\000i\000n\000g\000s\000-\000M\000o\000d\000e\000l}{chapter.8}% 61
\BOOKMARK [1][-]{section*.69}{\376\377\000M\000o\000l\000l\000o\000w\000\040\000T\000r\000i\000p\000l\000e\000t}{chapter.8}% 62
\BOOKMARK [1][-]{section*.71}{\376\377\000V\000a\000c\000u\000u\000m\000\040\000R\000a\000b\000i\000\040\000S\000p\000l\000i\000t\000t\000i\000n\000g}{chapter.8}% 63
\BOOKMARK [0][-]{chapter.9}{\376\377\000W\000e\000a\000k\000\040\000c\000o\000u\000p\000l\000i\000n\000g\000\040\000o\000f\000\040\000c\000a\000v\000i\000t\000y\000\040\000a\000n\000d\000\040\000e\000m\000i\000t\000t\000e\000r\000:\000\040\000P\000u\000r\000c\000e\000l\000l\000\040\000E\000f\000f\000e\000c\000t}{part.2}% 64
\BOOKMARK [1][-]{section*.73}{\376\377\000T\000a\000s\000k\000s}{chapter.9}% 65
\BOOKMARK [1][-]{section*.74}{\376\377\000W\000e\000a\000k\000\040\000a\000n\000d\000\040\000s\000t\000r\000o\000n\000g\000\040\000c\000o\000u\000p\000l\000i\000n\000g}{chapter.9}% 66
\BOOKMARK [1][-]{section*.75}{\376\377\000S\000p\000o\000n\000t\000a\000n\000e\000o\000u\000s\000\040\000E\000m\000i\000s\000s\000i\000o\000n}{chapter.9}% 67
\BOOKMARK [1][-]{section*.77}{\376\377\000P\000u\000r\000c\000e\000l\000l\000\040\000E\000f\000f\000e\000c\000t}{chapter.9}% 68
\BOOKMARK [1][-]{section*.79}{\376\377\000C\000l\000a\000s\000s\000i\000c\000a\000l\000\040\000d\000e\000s\000c\000r\000i\000p\000t\000i\000o\000n}{chapter.9}% 69
\BOOKMARK [1][-]{section*.80}{\376\377\000D\000r\000e\000x\000h\000a\000g\000e\000'\000s\000\040\000E\000x\000p\000e\000r\000i\000m\000e\000n\000t}{chapter.9}% 70
\BOOKMARK [-1][-]{part.3}{\376\377\000I\000I\000I\000\040\000N\000o\000n\000l\000i\000n\000e\000a\000r\000\040\000S\000p\000e\000c\000t\000r\000o\000s\000c\000o\000p\000y}{}% 71
\BOOKMARK [0][-]{chapter.10}{\376\377\000S\000e\000c\000o\000n\000d\000\040\000H\000a\000r\000m\000o\000n\000i\000c\000\040\000G\000e\000n\000e\000r\000a\000t\000i\000o\000n}{part.3}% 72
\BOOKMARK [1][-]{section*.81}{\376\377\000T\000a\000s\000k\000s}{chapter.10}% 73
\BOOKMARK [1][-]{section*.82}{\376\377\000E\000x\000p\000e\000r\000i\000m\000e\000n\000t}{chapter.10}% 74
\BOOKMARK [1][-]{section*.83}{\376\377\000N\000o\000n\000l\000i\000n\000e\000a\000r\000\040\000S\000u\000s\000c\000e\000p\000t\000i\000b\000i\000l\000i\000t\000y}{chapter.10}% 75
\BOOKMARK [1][-]{section*.85}{\376\377\000F\000r\000e\000q\000u\000e\000n\000c\000y\000\040\000D\000o\000u\000b\000l\000i\000n\000g}{chapter.10}% 76
\BOOKMARK [1][-]{section*.87}{\376\377\000P\000h\000a\000s\000e\000\040\000m\000a\000t\000c\000h\000i\000n\000g\000\040\000b\000y\000\040\000b\000i\000r\000e\000f\000r\000i\000n\000g\000e\000n\000t\000\040\000c\000r\000y\000s\000t\000a\000l\000s}{chapter.10}% 77
\BOOKMARK [1][-]{section*.89}{\376\377\000S\000y\000m\000m\000e\000t\000r\000y}{chapter.10}% 78
\BOOKMARK [1][-]{section*.91}{\376\377\000S\000H\000G\000\040\000a\000t\000\040\000s\000u\000r\000f\000a\000c\000e\000s}{chapter.10}% 79
\BOOKMARK [1][-]{section*.93}{\376\377\000S\000H\000G\000\040\000a\000t\000\040\000n\000a\000n\000o\000s\000t\000r\000u\000c\000t\000u\000r\000e\000s}{chapter.10}% 80
\BOOKMARK [0][-]{chapter.11}{\376\377\000F\000o\000u\000r\000-\000W\000a\000v\000e\000\040\000M\000i\000x\000i\000n\000g}{part.3}% 81
\BOOKMARK [1][-]{section*.95}{\376\377\000T\000a\000s\000k\000s}{chapter.11}% 82
\BOOKMARK [1][-]{section*.96}{\376\377\000E\000x\000p\000e\000r\000i\000m\000e\000n\000t}{chapter.11}% 83
\BOOKMARK [1][-]{section*.97}{\376\377\000G\000e\000n\000e\000r\000a\000t\000i\000o\000n\000\040\000o\000f\000\040\000s\000h\000o\000r\000t\000\040\000p\000u\000l\000s\000e\000s}{chapter.11}% 84
\BOOKMARK [1][-]{section*.99}{\376\377\000D\000i\000s\000p\000e\000r\000s\000i\000o\000n}{chapter.11}% 85
\BOOKMARK [1][-]{section*.101}{\376\377\000A\000u\000t\000o\000c\000o\000r\000r\000e\000l\000a\000t\000i\000o\000n}{chapter.11}% 86
\BOOKMARK [1][-]{section*.103}{\376\377\000F\000o\000u\000r\000-\000w\000a\000v\000e\000\040\000m\000i\000x\000i\000n\000g}{chapter.11}% 87
\BOOKMARK [1][-]{section*.105}{\376\377\000S\000p\000e\000c\000t\000r\000a\000l\000\040\000i\000n\000t\000e\000r\000f\000e\000r\000e\000n\000c\000e}{chapter.11}% 88
\BOOKMARK [0][-]{chapter.12}{\376\377\000T\000w\000o\000-\000P\000h\000o\000t\000o\000n\000\040\000A\000b\000s\000o\000r\000p\000t\000i\000o\000n}{part.3}% 89
\BOOKMARK [1][-]{section*.107}{\376\377\000T\000a\000s\000k\000s}{chapter.12}% 90
\BOOKMARK [1][-]{section*.108}{\376\377\000H\000i\000s\000t\000o\000r\000y\000\040\000o\000f\000\040\000T\000w\000o\000-\000P\000h\000o\000t\000o\000n\000\040\000A\000b\000s\000o\000r\000p\000t\000i\000o\000n}{chapter.12}% 91
\BOOKMARK [1][-]{section*.109}{\376\377\000S\000e\000c\000o\000n\000d\000-\000o\000r\000d\000e\000r\000\040\000p\000e\000r\000t\000u\000r\000b\000a\000t\000i\000o\000n\000\040\000t\000h\000e\000o\000r\000y}{chapter.12}% 92
\BOOKMARK [1][-]{section*.111}{\376\377\000S\000e\000l\000e\000c\000t\000i\000o\000n\000\040\000r\000u\000l\000e\000s\000\040\000a\000n\000d\000\040\000c\000r\000o\000s\000s\000\040\000s\000e\000c\000t\000i\000o\000n\000s}{chapter.12}% 93
\BOOKMARK [1][-]{section*.112}{\376\377\000S\000t\000i\000m\000u\000l\000a\000t\000e\000d\000\040\000R\000a\000m\000a\000n\000\040\000S\000c\000a\000t\000t\000e\000r\000i\000n\000g}{chapter.12}% 94
\BOOKMARK [0][-]{chapter.13}{\376\377\000T\000w\000o\000-\000D\000i\000m\000e\000n\000s\000i\000o\000n\000a\000l\000\040\000S\000p\000e\000c\000t\000r\000o\000s\000c\000o\000p\000y}{part.3}% 95
\BOOKMARK [1][-]{section*.114}{\376\377\000T\000a\000s\000k\000s}{chapter.13}% 96
\BOOKMARK [1][-]{section*.115}{\376\377\000I\000n\000t\000e\000r\000a\000c\000t\000i\000o\000n\000\040\000P\000i\000c\000t\000u\000r\000e}{chapter.13}% 97
\BOOKMARK [1][-]{section*.116}{\376\377\000D\000o\000u\000b\000l\000e\000-\000S\000i\000d\000e\000d\000\040\000F\000e\000y\000n\000m\000a\000n\000\040\000D\000i\000a\000g\000r\000a\000m\000s}{chapter.13}% 98
\BOOKMARK [1][-]{section*.117}{\376\377\000E\000x\000a\000m\000p\000l\000e\000:\000\040\000P\000u\000m\000p\000-\000P\000r\000o\000b\000e\000\040\000S\000p\000e\000c\000t\000r\000o\000s\000c\000o\000p\000y}{chapter.13}% 99
\BOOKMARK [1][-]{section*.118}{\376\377\000E\000x\000a\000m\000p\000l\000e\000:\000\040\000T\000w\000o\000-\000P\000h\000o\000t\000o\000n\000\040\000A\000b\000s\000o\000r\000p\000t\000i\000o\000n}{chapter.13}% 100
\BOOKMARK [1][-]{section*.119}{\376\377\0002\000D\000\040\000s\000p\000e\000c\000t\000r\000o\000s\000c\000o\000p\000y}{chapter.13}% 101
\BOOKMARK [1][-]{section*.120}{\376\377\000R\000e\000p\000h\000a\000s\000i\000n\000g}{chapter.13}% 102
\BOOKMARK [-1][-]{part.4}{\376\377\000I\000V\000\040\000P\000l\000a\000s\000m\000o\000n\000i\000c\000s}{}% 103
\BOOKMARK [0][-]{chapter.14}{\376\377\000P\000l\000a\000s\000m\000o\000n\000\040\000h\000y\000b\000r\000i\000d\000i\000z\000a\000t\000i\000o\000n}{part.4}% 104
\BOOKMARK [1][-]{section*.121}{\376\377\000T\000a\000s\000k\000s}{chapter.14}% 105
\BOOKMARK [1][-]{section*.122}{\376\377\000O\000v\000e\000r\000v\000i\000e\000w}{chapter.14}% 106
\BOOKMARK [1][-]{section*.124}{\376\377\000R\000a\000y\000l\000e\000i\000g\000h\000\040\000s\000c\000a\000t\000t\000e\000r\000i\000n\000g\000\040\000o\000f\000\040\000s\000m\000a\000l\000l\000\040\000s\000p\000h\000e\000r\000e\000s}{chapter.14}% 107
\BOOKMARK [1][-]{section*.126}{\376\377\000P\000l\000a\000s\000m\000o\000n\000\040\000h\000y\000b\000r\000i\000d\000i\000z\000a\000t\000i\000o\000n}{chapter.14}% 108
\BOOKMARK [1][-]{section*.128}{\376\377\000R\000e\000a\000l\000\040\000m\000e\000t\000a\000l\000s}{chapter.14}% 109
\BOOKMARK [1][-]{section*.130}{\376\377\000B\000e\000y\000o\000n\000d\000\040\000t\000h\000e\000\040\000R\000a\000y\000l\000e\000i\000g\000h\000\040\000a\000p\000p\000r\000o\000x\000i\000m\000a\000t\000i\000o\000n}{chapter.14}% 110
\BOOKMARK [1][-]{section*.131}{\376\377\000U\000l\000t\000r\000a\000f\000a\000s\000t\000\040\000o\000p\000t\000i\000c\000a\000l\000\040\000r\000e\000s\000p\000o\000n\000s\000e\000\040\000o\000f\000\040\000m\000e\000t\000a\000l\000s}{chapter.14}% 111
\BOOKMARK [1][-]{section*.133}{\376\377\000P\000u\000m\000p\000-\000p\000r\000o\000b\000e\000\040\000s\000p\000e\000c\000t\000r\000o\000s\000c\000o\000p\000y\000\040\000o\000f\000\040\000h\000y\000b\000r\000i\000d\000i\000z\000e\000d\000\040\000p\000a\000r\000t\000i\000c\000l\000e\000s}{chapter.14}% 112
\BOOKMARK [0][-]{chapter.15}{\376\377\000S\000u\000r\000f\000a\000c\000e\000\040\000p\000l\000a\000s\000m\000o\000n\000s\000\040\000a\000s\000\040\000e\000x\000a\000m\000p\000l\000e\000\040\000o\000f\000\040\000o\000p\000t\000i\000c\000s\000\040\000o\000f\000\040\000l\000a\000y\000e\000r\000e\000d\000\040\000m\000e\000d\000i\000a}{part.4}% 113
\BOOKMARK [1][-]{section*.134}{\376\377\000T\000a\000s\000k\000s}{chapter.15}% 114
\BOOKMARK [1][-]{section*.135}{\376\377\000P\000l\000a\000s\000m\000o\000n\000s}{chapter.15}% 115
\BOOKMARK [1][-]{section*.136}{\376\377\000O\000p\000t\000i\000c\000s\000\040\000o\000f\000\040\000l\000a\000y\000e\000r\000e\000d\000\040\000m\000e\000d\000i\000a}{chapter.15}% 116
\BOOKMARK [1][-]{section*.137}{\376\377\000T\000r\000a\000n\000s\000m\000i\000s\000s\000i\000o\000n\000\040\000a\000n\000d\000\040\000s\000c\000a\000t\000t\000e\000r\000i\000n\000g\000\040\000m\000a\000t\000r\000i\000x}{chapter.15}% 117
\BOOKMARK [1][-]{section*.138}{\376\377\000E\000l\000e\000c\000t\000r\000i\000c\000a\000l\000\040\000f\000i\000e\000l\000d\000s}{chapter.15}% 118
\BOOKMARK [1][-]{section*.139}{\376\377\000P\000r\000o\000p\000a\000g\000a\000t\000i\000o\000n\000\040\000m\000a\000t\000r\000i\000x}{chapter.15}% 119
\BOOKMARK [1][-]{section*.140}{\376\377\000I\000n\000t\000e\000r\000f\000a\000c\000e\000\040\000m\000a\000t\000r\000i\000x}{chapter.15}% 120
\BOOKMARK [1][-]{section*.141}{\376\377\000B\000o\000u\000n\000d\000\040\000m\000o\000d\000e\000s\000\040\000a\000n\000d\000\040\000s\000u\000r\000f\000a\000c\000e\000\040\000p\000l\000a\000s\000m\000o\000n\000s}{chapter.15}% 121
\BOOKMARK [1][-]{section*.142}{\376\377\000E\000x\000a\000m\000p\000l\000e\000:\000\040\000s\000l\000a\000b\000\040\000w\000a\000v\000e\000g\000u\000i\000d\000e}{chapter.15}% 122
\BOOKMARK [1][-]{section*.143}{\376\377\000F\000u\000r\000t\000h\000e\000r\000\040\000i\000d\000e\000a\000s}{chapter.15}% 123
\BOOKMARK [1][-]{section*.144}{\376\377\000A\000p\000p\000e\000n\000d\000i\000x\000:\000\040\000d\000e\000r\000i\000v\000a\000t\000i\000o\000n\000\040\000o\000f\000\040\000e\000q\000.\000\040\0001\0005\000.\0002\0003}{chapter.15}% 124
\BOOKMARK [0][-]{chapter.16}{\376\377\000L\000a\000t\000t\000i\000c\000e\000s\000\040\000o\000f\000\040\000p\000l\000a\000s\000m\000o\000n\000i\000c\000\040\000p\000a\000r\000t\000i\000c\000l\000e\000s}{part.4}% 125
\BOOKMARK [1][-]{section*.145}{\376\377\000T\000a\000s\000k\000s}{chapter.16}% 126
\BOOKMARK [1][-]{section*.146}{\376\377\000H\000o\000w\000\040\000t\000h\000i\000s\000\040\000i\000s\000\040\000m\000e\000a\000s\000u\000r\000e\000d}{chapter.16}% 127
\BOOKMARK [1][-]{section*.147}{\376\377\000H\000o\000w\000\040\000t\000o\000\040\000u\000n\000d\000e\000r\000s\000t\000a\000n\000d\000\040\000t\000h\000e\000\040\000d\000i\000s\000p\000e\000r\000s\000i\000o\000n\000\040\000r\000e\000l\000a\000t\000i\000o\000n}{chapter.16}% 128
\BOOKMARK [1][-]{section*.148}{\376\377\000R\000a\000d\000i\000a\000t\000i\000n\000g\000\040\000e\000l\000e\000c\000t\000r\000i\000c\000\040\000d\000i\000p\000o\000l\000e}{chapter.16}% 129
\BOOKMARK [1][-]{section*.150}{\376\377\000S\000c\000a\000t\000t\000e\000r\000i\000n\000g\000\040\000s\000p\000h\000e\000r\000e}{chapter.16}% 130
\BOOKMARK [1][-]{section*.151}{\376\377\000M\000u\000l\000t\000i\000p\000l\000e\000\040\000p\000a\000r\000t\000i\000c\000l\000e\000s}{chapter.16}% 131
\BOOKMARK [1][-]{section*.153}{\376\377\000A\000b\000s\000o\000r\000p\000t\000i\000o\000n\000,\000\040\000s\000c\000a\000t\000t\000e\000r\000i\000n\000g\000\040\000a\000n\000d\000\040\000e\000x\000t\000i\000n\000c\000t\000i\000o\000n}{chapter.16}% 132
\BOOKMARK [1][-]{section*.155}{\376\377\000I\000m\000p\000r\000o\000v\000e\000m\000e\000n\000t\000s\000:\000\040\000R\000a\000d\000i\000a\000t\000i\000o\000n\000\040\000r\000e\000a\000c\000t\000i\000o\000n}{chapter.16}% 133
\BOOKMARK [1][-]{section*.156}{\376\377\000S\000i\000d\000e\000\040\000n\000o\000t\000e\000:\000\040\000P\000o\000l\000a\000r\000i\000z\000a\000b\000i\000l\000i\000t\000y\000\040\000o\000f\000\040\000a\000\040\000L\000o\000r\000e\000n\000t\000z\000\040\000o\000s\000c\000i\000l\000l\000a\000t\000o\000r}{chapter.16}% 134
\BOOKMARK [1][-]{section*.157}{\376\377\000L\000a\000t\000t\000i\000c\000e\000\040\000s\000u\000m}{chapter.16}% 135
\BOOKMARK [0][-]{chapter.17}{\376\377\000P\000l\000a\000s\000m\000o\000n\000i\000c\000\040\000N\000a\000n\000o\000-\000R\000o\000d\000s}{part.4}% 136
\BOOKMARK [1][-]{section*.158}{\376\377\000T\000a\000s\000k\000s}{chapter.17}% 137
\BOOKMARK [1][-]{section*.159}{\376\377\000H\000o\000w\000\040\000t\000h\000i\000s\000\040\000i\000s\000\040\000m\000e\000a\000s\000u\000r\000e\000d}{chapter.17}% 138
\BOOKMARK [1][-]{section*.160}{\376\377\000W\000a\000v\000e\000g\000u\000i\000d\000e\000s}{chapter.17}% 139
\BOOKMARK [1][-]{section*.161}{\376\377\000S\000i\000d\000e\000\040\000n\000o\000t\000e\000:\000\040\000L\000e\000a\000k\000a\000g\000e\000\040\000r\000a\000d\000i\000a\000t\000i\000o\000n}{chapter.17}% 140
\BOOKMARK [1][-]{section*.162}{\376\377\000F\000a\000b\000r\000y\000-\000P\000e\000r\000o\000t\000\040\000m\000o\000d\000e\000s\000\040\000i\000n\000\040\000n\000a\000n\000o\000-\000r\000o\000d\000s}{chapter.17}% 141
\BOOKMARK [1][-]{section*.163}{\376\377\000E\000x\000c\000i\000t\000a\000t\000i\000o\000n\000\040\000o\000f\000\040\000r\000e\000s\000o\000n\000a\000n\000c\000e\000s\000\040\000i\000n\000\040\000n\000a\000n\000o\000-\000r\000o\000d\000s}{chapter.17}% 142
\BOOKMARK [1][-]{section*.164}{\376\377\000D\000i\000p\000o\000l\000e\000\040\000m\000o\000d\000e\000l\000\040\000o\000f\000\040\000t\000h\000e\000\040\000m\000o\000d\000e\000s\000\040\000i\000n\000\040\000a\000\040\000n\000a\000n\000o\000-\000r\000o\000d}{chapter.17}% 143
\BOOKMARK [1][-]{section*.165}{\376\377\000F\000i\000e\000l\000d\000\040\000d\000i\000s\000t\000r\000i\000b\000u\000t\000i\000o\000n\000s}{chapter.17}% 144
\BOOKMARK [1][-]{section*.166}{\376\377\000A\000p\000p\000e\000n\000d\000i\000x\000:\000\040\000F\000a\000r\000-\000f\000i\000e\000l\000d\000\040\000e\000m\000i\000s\000s\000i\000o\000n\000\040\000p\000a\000t\000t\000e\000r\000n}{chapter.17}% 145
\BOOKMARK [-1][-]{part.5}{\376\377\000V\000\040\000N\000a\000n\000o\000o\000p\000t\000i\000c\000s}{}% 146
\BOOKMARK [0][-]{chapter.18}{\376\377\000A\000n\000g\000u\000l\000a\000r\000\040\000s\000p\000e\000c\000t\000r\000u\000m\000\040\000r\000e\000p\000r\000e\000s\000e\000n\000t\000a\000t\000i\000o\000n}{part.5}% 147
\BOOKMARK [1][-]{section*.167}{\376\377\000T\000a\000s\000k\000s}{chapter.18}% 148
\BOOKMARK [1][-]{section*.168}{\376\377\000I\000n\000t\000r\000o\000d\000u\000c\000t\000i\000o\000n}{chapter.18}% 149
\BOOKMARK [1][-]{section*.169}{\376\377\000T\000r\000a\000n\000s\000f\000e\000r\000\040\000f\000u\000n\000c\000t\000i\000o\000n\000\040\000o\000f\000\040\000f\000r\000e\000e\000\040\000s\000p\000a\000c\000e}{chapter.18}% 150
\BOOKMARK [1][-]{section*.170}{\376\377\000F\000r\000e\000s\000n\000e\000l\000\040\000a\000p\000p\000r\000o\000x\000i\000m\000a\000t\000i\000o\000n}{chapter.18}% 151
\BOOKMARK [1][-]{section*.171}{\376\377\000I\000m\000p\000u\000l\000s\000e\000\040\000r\000e\000s\000p\000o\000n\000s\000e\000\040\000o\000f\000\040\000f\000r\000e\000e\000\040\000s\000p\000a\000c\000e}{chapter.18}% 152
\BOOKMARK [1][-]{section*.172}{\376\377\000A\000\040\000t\000h\000i\000n\000\040\000l\000e\000n\000s}{chapter.18}% 153
\BOOKMARK [1][-]{section*.173}{\376\377\000F\000o\000u\000r\000i\000e\000r\000\040\000t\000r\000a\000n\000s\000f\000o\000r\000m\000a\000t\000i\000o\000n\000\040\000b\000y\000\040\000a\000\040\000l\000e\000n\000s\000\040\000I}{chapter.18}% 154
\BOOKMARK [1][-]{section*.174}{\376\377\000F\000o\000u\000r\000i\000e\000r\000\040\000t\000r\000a\000n\000s\000f\000o\000r\000m\000a\000t\000i\000o\000n\000\040\000b\000y\000\040\000a\000\040\000l\000e\000n\000s\000\040\000I\000I}{chapter.18}% 155
\BOOKMARK [1][-]{section*.175}{\376\377\000N\000e\000a\000r\000f\000i\000e\000l\000d\000\040\000m\000i\000c\000r\000o\000s\000c\000o\000p\000y}{chapter.18}% 156
\BOOKMARK [0][-]{chapter.19}{\376\377\000D\000i\000p\000o\000l\000e\000\040\000e\000m\000i\000s\000s\000i\000o\000n\000\040\000a\000t\000\040\000i\000n\000t\000e\000r\000f\000a\000c\000e\000s}{part.5}% 157
\BOOKMARK [1][-]{section*.176}{\376\377\000T\000a\000s\000k\000s}{chapter.19}% 158
\BOOKMARK [1][-]{section*.177}{\376\377\000I\000n\000t\000r\000o\000d\000u\000c\000t\000i\000o\000n}{chapter.19}% 159
\BOOKMARK [1][-]{section*.178}{\376\377\000A\000\040\000p\000l\000a\000n\000a\000r\000\040\000o\000p\000t\000i\000c\000a\000l\000\040\000a\000n\000t\000e\000n\000n\000a\000\040\000f\000o\000r\000\040\000a\000\040\000q\000u\000a\000n\000t\000u\000m\000\040\000d\000o\000t}{chapter.19}% 160
\BOOKMARK [1][-]{section*.179}{\376\377\000A\000\040\000d\000i\000p\000o\000l\000e\000\040\000i\000n\000\040\000f\000r\000o\000n\000t\000\040\000o\000f\000\040\000a\000\040\000d\000i\000e\000l\000e\000c\000t\000r\000i\000c\000\040\000h\000a\000l\000f\000-\000s\000p\000a\000c\000e}{chapter.19}% 161
\BOOKMARK [1][-]{section*.180}{\376\377\000A\000\040\000d\000i\000p\000o\000l\000e\000\040\000b\000e\000t\000w\000e\000e\000n\000\040\000t\000w\000o\000\040\000m\000e\000t\000a\000l\000\040\000l\000a\000y\000e\000r\000s}{chapter.19}% 162
\BOOKMARK [1][-]{section*.181}{\376\377\000D\000e\000c\000a\000y\000\040\000r\000a\000t\000e\000\040\000i\000n\000\040\000a\000\040\000l\000a\000y\000e\000r\000e\000d\000\040\000m\000e\000d\000i\000u\000m}{chapter.19}% 163
\BOOKMARK [1][-]{section*.182}{\376\377\000S\000i\000d\000e\000\040\000r\000e\000m\000a\000r\000k\000:\000\040\000L\000o\000s\000s\000y\000\040\000m\000o\000d\000e\000s\000\040\000a\000r\000e\000\040\000r\000e\000q\000u\000i\000r\000e\000d}{chapter.19}% 164
\BOOKMARK [-1][-]{section*.182}{\376\377\000A\000p\000p\000e\000n\000d\000i\000x}{}% 165
\BOOKMARK [0][-]{appendix.A}{\376\377\000J\000u\000l\000i\000a\000\040\000a\000n\000d\000\040\000P\000l\000u\000t\000o}{section*.182}% 166
\BOOKMARK [1][-]{section*.183}{\376\377\000J\000u\000l\000i\000a}{appendix.A}% 167
\BOOKMARK [1][-]{section*.186}{\376\377\000U\000s\000e\000r\000\040\000i\000n\000t\000e\000r\000f\000a\000c\000e\000s}{appendix.A}% 168
\BOOKMARK [1][-]{section*.187}{\376\377\000I\000n\000s\000t\000a\000l\000l\000a\000t\000i\000o\000n}{appendix.A}% 169
\BOOKMARK [1][-]{section*.188}{\376\377\000U\000s\000i\000n\000g\000\040\000P\000l\000u\000t\000o}{appendix.A}% 170
\BOOKMARK [0][-]{appendix.B}{\376\377\000F\000o\000u\000r\000i\000e\000r\000\040\000t\000r\000a\000n\000s\000f\000o\000r\000m\000a\000t\000i\000o\000n}{section*.182}% 171
\BOOKMARK [1][-]{section*.189}{\376\377\000O\000v\000e\000r\000v\000i\000e\000w}{appendix.B}% 172
\BOOKMARK [1][-]{section*.190}{\376\377\000F\000o\000u\000r\000i\000e\000r\000\040\000s\000e\000r\000i\000e\000s\000:\000\040\000a\000\040\000p\000e\000r\000i\000o\000d\000i\000c\000\040\000f\000u\000n\000c\000t\000i\000o\000n\000\040\000a\000n\000d\000\040\000i\000t\000s\000\040\000F\000o\000u\000r\000i\000e\000r\000\040\000c\000o\000e\000f\000f\000i\000c\000i\000e\000n\000t\000s}{appendix.B}% 173
\BOOKMARK [1][-]{section*.191}{\376\377\000A\000n\000\040\000a\000r\000b\000i\000t\000r\000a\000r\000y\000\040\000f\000u\000n\000c\000t\000i\000o\000n\000\040\000a\000n\000d\000\040\000i\000t\000s\000\040\000F\000o\000u\000r\000i\000e\000r\000\040\000t\000r\000a\000n\000s\000f\000o\000r\000m}{appendix.B}% 174
\BOOKMARK [1][-]{section*.192}{\376\377\000D\000i\000s\000c\000r\000e\000t\000e\000\040\000F\000T\000:\000\040\000a\000\040\000p\000e\000r\000i\000o\000d\000i\000c\000\040\000n\000u\000m\000b\000e\000r\000\040\000s\000e\000q\000u\000e\000n\000c\000e\000\040\000a\000n\000d\000\040\000i\000t\000s\000\040\000F\000o\000u\000r\000i\000e\000r\000\040\000t\000r\000a\000n\000s\000f\000o\000r\000m\000e\000d\000\040\000n\000u\000m\000b\000e\000r\000\040\000s\000e\000q\000u\000e\000n\000c\000e}{appendix.B}% 175
\BOOKMARK [1][-]{section*.193}{\376\377\000S\000i\000d\000e\000n\000o\000t\000e\000:\000\040\000D\000e\000l\000t\000a\000\040\000F\000u\000n\000c\000t\000i\000o\000n}{appendix.B}% 176
\BOOKMARK [1][-]{section*.194}{\376\377\000I\000m\000p\000o\000r\000t\000a\000n\000t\000\040\000F\000o\000u\000r\000i\000e\000r\000\040\000p\000a\000i\000r\000s}{appendix.B}% 177
\BOOKMARK [1][-]{section*.202}{\376\377\000T\000h\000e\000o\000r\000e\000m\000s\000\040\000a\000n\000d\000\040\000p\000r\000o\000p\000e\000r\000t\000i\000e\000s\000\040\000o\000f\000\040\000t\000h\000e\000\040\000F\000o\000u\000r\000i\000e\000r\000\040\000t\000r\000a\000n\000s\000f\000o\000r\000m}{appendix.B}% 178
\BOOKMARK [1][-]{section*.209}{\376\377\000E\000x\000a\000m\000p\000l\000e\000:\000\040\000D\000i\000f\000f\000r\000a\000c\000t\000i\000o\000n\000\040\000a\000t\000\040\000a\000\040\000d\000o\000u\000b\000l\000e\000\040\000s\000l\000i\000t}{appendix.B}% 179
\BOOKMARK [1][-]{section*.210}{\376\377\000T\000w\000o\000-\000d\000i\000m\000e\000n\000s\000i\000o\000n\000a\000l\000\040\000F\000o\000u\000r\000i\000e\000r\000\040\000t\000r\000a\000n\000s\000f\000o\000r\000m\000a\000t\000i\000o\000n}{appendix.B}% 180
